<?xml version="1.0" encoding="UTF-8"?>
<testsuite xmlns:xsi="http://www.w3.org/2001/XMLSchema-instance" xsi:noNamespaceSchemaLocation="https://maven.apache.org/surefire/maven-surefire-plugin/xsd/surefire-test-report.xsd" name="com.yupi.usercenter.UserCenterApplicationTests" time="9.712" tests="1" errors="0" skipped="0" failures="0">
  <properties>
    <property name="sun.desktop" value="windows"/>
    <property name="awt.toolkit" value="sun.awt.windows.WToolkit"/>
    <property name="file.encoding.pkg" value="sun.io"/>
    <property name="java.specification.version" value="1.8"/>
    <property name="sun.cpu.isalist" value="amd64"/>
    <property name="sun.jnu.encoding" value="GBK"/>
    <property name="java.class.path" value="E:\项目\user\user-center-backend-master\user-center-backend-master\target\test-classes;E:\项目\user\user-center-backend-master\user-center-backend-master\target\classes;F:\Maven\apache-maven-3.6.3\maven-repo\org\springframework\boot\spring-boot-starter-web\2.6.4\spring-boot-starter-web-2.6.4.jar;F:\Maven\apache-maven-3.6.3\maven-repo\org\springframework\boot\spring-boot-starter\2.6.4\spring-boot-starter-2.6.4.jar;F:\Maven\apache-maven-3.6.3\maven-repo\org\springframework\boot\spring-boot-starter-logging\2.6.4\spring-boot-starter-logging-2.6.4.jar;F:\Maven\apache-maven-3.6.3\maven-repo\ch\qos\logback\logback-classic\1.2.10\logback-classic-1.2.10.jar;F:\Maven\apache-maven-3.6.3\maven-repo\ch\qos\logback\logback-core\1.2.10\logback-core-1.2.10.jar;F:\Maven\apache-maven-3.6.3\maven-repo\org\apache\logging\log4j\log4j-to-slf4j\2.17.1\log4j-to-slf4j-2.17.1.jar;F:\Maven\apache-maven-3.6.3\maven-repo\org\apache\logging\log4j\log4j-api\2.17.1\log4j-api-2.17.1.jar;F:\Maven\apache-maven-3.6.3\maven-repo\org\slf4j\jul-to-slf4j\1.7.36\jul-to-slf4j-1.7.36.jar;F:\Maven\apache-maven-3.6.3\maven-repo\jakarta\annotation\jakarta.annotation-api\1.3.5\jakarta.annotation-api-1.3.5.jar;F:\Maven\apache-maven-3.6.3\maven-repo\org\yaml\snakeyaml\1.29\snakeyaml-1.29.jar;F:\Maven\apache-maven-3.6.3\maven-repo\org\springframework\boot\spring-boot-starter-json\2.6.4\spring-boot-starter-json-2.6.4.jar;F:\Maven\apache-maven-3.6.3\maven-repo\com\fasterxml\jackson\core\jackson-databind\2.13.1\jackson-databind-2.13.1.jar;F:\Maven\apache-maven-3.6.3\maven-repo\com\fasterxml\jackson\core\jackson-annotations\2.13.1\jackson-annotations-2.13.1.jar;F:\Maven\apache-maven-3.6.3\maven-repo\com\fasterxml\jackson\core\jackson-core\2.13.1\jackson-core-2.13.1.jar;F:\Maven\apache-maven-3.6.3\maven-repo\com\fasterxml\jackson\datatype\jackson-datatype-jdk8\2.13.1\jackson-datatype-jdk8-2.13.1.jar;F:\Maven\apache-maven-3.6.3\maven-repo\com\fasterxml\jackson\datatype\jackson-datatype-jsr310\2.13.1\jackson-datatype-jsr310-2.13.1.jar;F:\Maven\apache-maven-3.6.3\maven-repo\com\fasterxml\jackson\module\jackson-module-parameter-names\2.13.1\jackson-module-parameter-names-2.13.1.jar;F:\Maven\apache-maven-3.6.3\maven-repo\org\springframework\boot\spring-boot-starter-tomcat\2.6.4\spring-boot-starter-tomcat-2.6.4.jar;F:\Maven\apache-maven-3.6.3\maven-repo\org\apache\tomcat\embed\tomcat-embed-core\9.0.58\tomcat-embed-core-9.0.58.jar;F:\Maven\apache-maven-3.6.3\maven-repo\org\apache\tomcat\embed\tomcat-embed-el\9.0.58\tomcat-embed-el-9.0.58.jar;F:\Maven\apache-maven-3.6.3\maven-repo\org\apache\tomcat\embed\tomcat-embed-websocket\9.0.58\tomcat-embed-websocket-9.0.58.jar;F:\Maven\apache-maven-3.6.3\maven-repo\org\springframework\spring-web\5.3.16\spring-web-5.3.16.jar;F:\Maven\apache-maven-3.6.3\maven-repo\org\springframework\spring-beans\5.3.16\spring-beans-5.3.16.jar;F:\Maven\apache-maven-3.6.3\maven-repo\org\springframework\spring-webmvc\5.3.16\spring-webmvc-5.3.16.jar;F:\Maven\apache-maven-3.6.3\maven-repo\org\springframework\spring-aop\5.3.16\spring-aop-5.3.16.jar;F:\Maven\apache-maven-3.6.3\maven-repo\org\springframework\spring-context\5.3.16\spring-context-5.3.16.jar;F:\Maven\apache-maven-3.6.3\maven-repo\org\springframework\spring-expression\5.3.16\spring-expression-5.3.16.jar;F:\Maven\apache-maven-3.6.3\maven-repo\org\mybatis\spring\boot\mybatis-spring-boot-starter\2.2.2\mybatis-spring-boot-starter-2.2.2.jar;F:\Maven\apache-maven-3.6.3\maven-repo\org\springframework\boot\spring-boot-starter-jdbc\2.6.4\spring-boot-starter-jdbc-2.6.4.jar;F:\Maven\apache-maven-3.6.3\maven-repo\com\zaxxer\HikariCP\4.0.3\HikariCP-4.0.3.jar;F:\Maven\apache-maven-3.6.3\maven-repo\org\springframework\spring-jdbc\5.3.16\spring-jdbc-5.3.16.jar;F:\Maven\apache-maven-3.6.3\maven-repo\org\springframework\spring-tx\5.3.16\spring-tx-5.3.16.jar;F:\Maven\apache-maven-3.6.3\maven-repo\org\mybatis\spring\boot\mybatis-spring-boot-autoconfigure\2.2.2\mybatis-spring-boot-autoconfigure-2.2.2.jar;F:\Maven\apache-maven-3.6.3\maven-repo\org\mybatis\mybatis\3.5.9\mybatis-3.5.9.jar;F:\Maven\apache-maven-3.6.3\maven-repo\org\mybatis\mybatis-spring\2.0.7\mybatis-spring-2.0.7.jar;F:\Maven\apache-maven-3.6.3\maven-repo\com\baomidou\mybatis-plus-boot-starter\3.5.1\mybatis-plus-boot-starter-3.5.1.jar;F:\Maven\apache-maven-3.6.3\maven-repo\com\baomidou\mybatis-plus\3.5.1\mybatis-plus-3.5.1.jar;F:\Maven\apache-maven-3.6.3\maven-repo\com\baomidou\mybatis-plus-extension\3.5.1\mybatis-plus-extension-3.5.1.jar;F:\Maven\apache-maven-3.6.3\maven-repo\com\baomidou\mybatis-plus-core\3.5.1\mybatis-plus-core-3.5.1.jar;F:\Maven\apache-maven-3.6.3\maven-repo\com\baomidou\mybatis-plus-annotation\3.5.1\mybatis-plus-annotation-3.5.1.jar;F:\Maven\apache-maven-3.6.3\maven-repo\com\github\jsqlparser\jsqlparser\4.3\jsqlparser-4.3.jar;F:\Maven\apache-maven-3.6.3\maven-repo\org\springframework\boot\spring-boot-autoconfigure\2.6.4\spring-boot-autoconfigure-2.6.4.jar;F:\Maven\apache-maven-3.6.3\maven-repo\org\apache\commons\commons-lang3\3.12.0\commons-lang3-3.12.0.jar;F:\Maven\apache-maven-3.6.3\maven-repo\org\springframework\boot\spring-boot-devtools\2.6.4\spring-boot-devtools-2.6.4.jar;F:\Maven\apache-maven-3.6.3\maven-repo\org\springframework\boot\spring-boot\2.6.4\spring-boot-2.6.4.jar;F:\Maven\apache-maven-3.6.3\maven-repo\mysql\mysql-connector-java\8.0.28\mysql-connector-java-8.0.28.jar;F:\Maven\apache-maven-3.6.3\maven-repo\org\springframework\boot\spring-boot-configuration-processor\2.6.4\spring-boot-configuration-processor-2.6.4.jar;F:\Maven\apache-maven-3.6.3\maven-repo\org\projectlombok\lombok\1.18.22\lombok-1.18.22.jar;F:\Maven\apache-maven-3.6.3\maven-repo\org\springframework\boot\spring-boot-starter-test\2.6.4\spring-boot-starter-test-2.6.4.jar;F:\Maven\apache-maven-3.6.3\maven-repo\org\springframework\boot\spring-boot-test\2.6.4\spring-boot-test-2.6.4.jar;F:\Maven\apache-maven-3.6.3\maven-repo\org\springframework\boot\spring-boot-test-autoconfigure\2.6.4\spring-boot-test-autoconfigure-2.6.4.jar;F:\Maven\apache-maven-3.6.3\maven-repo\com\jayway\jsonpath\json-path\2.6.0\json-path-2.6.0.jar;F:\Maven\apache-maven-3.6.3\maven-repo\net\minidev\json-smart\2.4.8\json-smart-2.4.8.jar;F:\Maven\apache-maven-3.6.3\maven-repo\net\minidev\accessors-smart\2.4.8\accessors-smart-2.4.8.jar;F:\Maven\apache-maven-3.6.3\maven-repo\org\ow2\asm\asm\9.1\asm-9.1.jar;F:\Maven\apache-maven-3.6.3\maven-repo\org\slf4j\slf4j-api\1.7.36\slf4j-api-1.7.36.jar;F:\Maven\apache-maven-3.6.3\maven-repo\jakarta\xml\bind\jakarta.xml.bind-api\2.3.3\jakarta.xml.bind-api-2.3.3.jar;F:\Maven\apache-maven-3.6.3\maven-repo\jakarta\activation\jakarta.activation-api\1.2.2\jakarta.activation-api-1.2.2.jar;F:\Maven\apache-maven-3.6.3\maven-repo\org\assertj\assertj-core\3.21.0\assertj-core-3.21.0.jar;F:\Maven\apache-maven-3.6.3\maven-repo\org\hamcrest\hamcrest\2.2\hamcrest-2.2.jar;F:\Maven\apache-maven-3.6.3\maven-repo\org\junit\jupiter\junit-jupiter\5.8.2\junit-jupiter-5.8.2.jar;F:\Maven\apache-maven-3.6.3\maven-repo\org\junit\jupiter\junit-jupiter-api\5.8.2\junit-jupiter-api-5.8.2.jar;F:\Maven\apache-maven-3.6.3\maven-repo\org\opentest4j\opentest4j\1.2.0\opentest4j-1.2.0.jar;F:\Maven\apache-maven-3.6.3\maven-repo\org\junit\platform\junit-platform-commons\1.8.2\junit-platform-commons-1.8.2.jar;F:\Maven\apache-maven-3.6.3\maven-repo\org\apiguardian\apiguardian-api\1.1.2\apiguardian-api-1.1.2.jar;F:\Maven\apache-maven-3.6.3\maven-repo\org\junit\jupiter\junit-jupiter-params\5.8.2\junit-jupiter-params-5.8.2.jar;F:\Maven\apache-maven-3.6.3\maven-repo\org\junit\jupiter\junit-jupiter-engine\5.8.2\junit-jupiter-engine-5.8.2.jar;F:\Maven\apache-maven-3.6.3\maven-repo\org\junit\platform\junit-platform-engine\1.8.2\junit-platform-engine-1.8.2.jar;F:\Maven\apache-maven-3.6.3\maven-repo\org\mockito\mockito-core\4.0.0\mockito-core-4.0.0.jar;F:\Maven\apache-maven-3.6.3\maven-repo\net\bytebuddy\byte-buddy\1.11.22\byte-buddy-1.11.22.jar;F:\Maven\apache-maven-3.6.3\maven-repo\net\bytebuddy\byte-buddy-agent\1.11.22\byte-buddy-agent-1.11.22.jar;F:\Maven\apache-maven-3.6.3\maven-repo\org\objenesis\objenesis\3.2\objenesis-3.2.jar;F:\Maven\apache-maven-3.6.3\maven-repo\org\mockito\mockito-junit-jupiter\4.0.0\mockito-junit-jupiter-4.0.0.jar;F:\Maven\apache-maven-3.6.3\maven-repo\org\skyscreamer\jsonassert\1.5.0\jsonassert-1.5.0.jar;F:\Maven\apache-maven-3.6.3\maven-repo\com\vaadin\external\google\android-json\0.0.20131108.vaadin1\android-json-0.0.20131108.vaadin1.jar;F:\Maven\apache-maven-3.6.3\maven-repo\org\springframework\spring-core\5.3.16\spring-core-5.3.16.jar;F:\Maven\apache-maven-3.6.3\maven-repo\org\springframework\spring-jcl\5.3.16\spring-jcl-5.3.16.jar;F:\Maven\apache-maven-3.6.3\maven-repo\org\springframework\spring-test\5.3.16\spring-test-5.3.16.jar;F:\Maven\apache-maven-3.6.3\maven-repo\org\xmlunit\xmlunit-core\2.8.4\xmlunit-core-2.8.4.jar;F:\Maven\apache-maven-3.6.3\maven-repo\junit\junit\4.13.2\junit-4.13.2.jar;F:\Maven\apache-maven-3.6.3\maven-repo\org\hamcrest\hamcrest-core\2.2\hamcrest-core-2.2.jar;"/>
    <property name="java.vm.vendor" value="Amazon.com Inc."/>
    <property name="sun.arch.data.model" value="64"/>
    <property name="user.variant" value=""/>
    <property name="java.vendor.url" value="https://aws.amazon.com/corretto/"/>
    <property name="user.timezone" value="Asia/Shanghai"/>
    <property name="java.vm.specification.version" value="1.8"/>
    <property name="os.name" value="Windows 10"/>
    <property name="user.country" value="CN"/>
    <property name="sun.java.launcher" value="SUN_STANDARD"/>
    <property name="sun.boot.library.path" value="F:\java8\jre\bin"/>
    <property name="sun.java.command" value="C:\Users\weihua\AppData\Local\Temp\surefire8726502482592344973\surefirebooter6807975705139828857.jar C:\Users\weihua\AppData\Local\Temp\surefire8726502482592344973 2024-03-25T18-24-29_691-jvmRun1 surefire1489160890416046309tmp surefire_01945414967865108043tmp"/>
    <property name="surefire.test.class.path" value="E:\项目\user\user-center-backend-master\user-center-backend-master\target\test-classes;E:\项目\user\user-center-backend-master\user-center-backend-master\target\classes;F:\Maven\apache-maven-3.6.3\maven-repo\org\springframework\boot\spring-boot-starter-web\2.6.4\spring-boot-starter-web-2.6.4.jar;F:\Maven\apache-maven-3.6.3\maven-repo\org\springframework\boot\spring-boot-starter\2.6.4\spring-boot-starter-2.6.4.jar;F:\Maven\apache-maven-3.6.3\maven-repo\org\springframework\boot\spring-boot-starter-logging\2.6.4\spring-boot-starter-logging-2.6.4.jar;F:\Maven\apache-maven-3.6.3\maven-repo\ch\qos\logback\logback-classic\1.2.10\logback-classic-1.2.10.jar;F:\Maven\apache-maven-3.6.3\maven-repo\ch\qos\logback\logback-core\1.2.10\logback-core-1.2.10.jar;F:\Maven\apache-maven-3.6.3\maven-repo\org\apache\logging\log4j\log4j-to-slf4j\2.17.1\log4j-to-slf4j-2.17.1.jar;F:\Maven\apache-maven-3.6.3\maven-repo\org\apache\logging\log4j\log4j-api\2.17.1\log4j-api-2.17.1.jar;F:\Maven\apache-maven-3.6.3\maven-repo\org\slf4j\jul-to-slf4j\1.7.36\jul-to-slf4j-1.7.36.jar;F:\Maven\apache-maven-3.6.3\maven-repo\jakarta\annotation\jakarta.annotation-api\1.3.5\jakarta.annotation-api-1.3.5.jar;F:\Maven\apache-maven-3.6.3\maven-repo\org\yaml\snakeyaml\1.29\snakeyaml-1.29.jar;F:\Maven\apache-maven-3.6.3\maven-repo\org\springframework\boot\spring-boot-starter-json\2.6.4\spring-boot-starter-json-2.6.4.jar;F:\Maven\apache-maven-3.6.3\maven-repo\com\fasterxml\jackson\core\jackson-databind\2.13.1\jackson-databind-2.13.1.jar;F:\Maven\apache-maven-3.6.3\maven-repo\com\fasterxml\jackson\core\jackson-annotations\2.13.1\jackson-annotations-2.13.1.jar;F:\Maven\apache-maven-3.6.3\maven-repo\com\fasterxml\jackson\core\jackson-core\2.13.1\jackson-core-2.13.1.jar;F:\Maven\apache-maven-3.6.3\maven-repo\com\fasterxml\jackson\datatype\jackson-datatype-jdk8\2.13.1\jackson-datatype-jdk8-2.13.1.jar;F:\Maven\apache-maven-3.6.3\maven-repo\com\fasterxml\jackson\datatype\jackson-datatype-jsr310\2.13.1\jackson-datatype-jsr310-2.13.1.jar;F:\Maven\apache-maven-3.6.3\maven-repo\com\fasterxml\jackson\module\jackson-module-parameter-names\2.13.1\jackson-module-parameter-names-2.13.1.jar;F:\Maven\apache-maven-3.6.3\maven-repo\org\springframework\boot\spring-boot-starter-tomcat\2.6.4\spring-boot-starter-tomcat-2.6.4.jar;F:\Maven\apache-maven-3.6.3\maven-repo\org\apache\tomcat\embed\tomcat-embed-core\9.0.58\tomcat-embed-core-9.0.58.jar;F:\Maven\apache-maven-3.6.3\maven-repo\org\apache\tomcat\embed\tomcat-embed-el\9.0.58\tomcat-embed-el-9.0.58.jar;F:\Maven\apache-maven-3.6.3\maven-repo\org\apache\tomcat\embed\tomcat-embed-websocket\9.0.58\tomcat-embed-websocket-9.0.58.jar;F:\Maven\apache-maven-3.6.3\maven-repo\org\springframework\spring-web\5.3.16\spring-web-5.3.16.jar;F:\Maven\apache-maven-3.6.3\maven-repo\org\springframework\spring-beans\5.3.16\spring-beans-5.3.16.jar;F:\Maven\apache-maven-3.6.3\maven-repo\org\springframework\spring-webmvc\5.3.16\spring-webmvc-5.3.16.jar;F:\Maven\apache-maven-3.6.3\maven-repo\org\springframework\spring-aop\5.3.16\spring-aop-5.3.16.jar;F:\Maven\apache-maven-3.6.3\maven-repo\org\springframework\spring-context\5.3.16\spring-context-5.3.16.jar;F:\Maven\apache-maven-3.6.3\maven-repo\org\springframework\spring-expression\5.3.16\spring-expression-5.3.16.jar;F:\Maven\apache-maven-3.6.3\maven-repo\org\mybatis\spring\boot\mybatis-spring-boot-starter\2.2.2\mybatis-spring-boot-starter-2.2.2.jar;F:\Maven\apache-maven-3.6.3\maven-repo\org\springframework\boot\spring-boot-starter-jdbc\2.6.4\spring-boot-starter-jdbc-2.6.4.jar;F:\Maven\apache-maven-3.6.3\maven-repo\com\zaxxer\HikariCP\4.0.3\HikariCP-4.0.3.jar;F:\Maven\apache-maven-3.6.3\maven-repo\org\springframework\spring-jdbc\5.3.16\spring-jdbc-5.3.16.jar;F:\Maven\apache-maven-3.6.3\maven-repo\org\springframework\spring-tx\5.3.16\spring-tx-5.3.16.jar;F:\Maven\apache-maven-3.6.3\maven-repo\org\mybatis\spring\boot\mybatis-spring-boot-autoconfigure\2.2.2\mybatis-spring-boot-autoconfigure-2.2.2.jar;F:\Maven\apache-maven-3.6.3\maven-repo\org\mybatis\mybatis\3.5.9\mybatis-3.5.9.jar;F:\Maven\apache-maven-3.6.3\maven-repo\org\mybatis\mybatis-spring\2.0.7\mybatis-spring-2.0.7.jar;F:\Maven\apache-maven-3.6.3\maven-repo\com\baomidou\mybatis-plus-boot-starter\3.5.1\mybatis-plus-boot-starter-3.5.1.jar;F:\Maven\apache-maven-3.6.3\maven-repo\com\baomidou\mybatis-plus\3.5.1\mybatis-plus-3.5.1.jar;F:\Maven\apache-maven-3.6.3\maven-repo\com\baomidou\mybatis-plus-extension\3.5.1\mybatis-plus-extension-3.5.1.jar;F:\Maven\apache-maven-3.6.3\maven-repo\com\baomidou\mybatis-plus-core\3.5.1\mybatis-plus-core-3.5.1.jar;F:\Maven\apache-maven-3.6.3\maven-repo\com\baomidou\mybatis-plus-annotation\3.5.1\mybatis-plus-annotation-3.5.1.jar;F:\Maven\apache-maven-3.6.3\maven-repo\com\github\jsqlparser\jsqlparser\4.3\jsqlparser-4.3.jar;F:\Maven\apache-maven-3.6.3\maven-repo\org\springframework\boot\spring-boot-autoconfigure\2.6.4\spring-boot-autoconfigure-2.6.4.jar;F:\Maven\apache-maven-3.6.3\maven-repo\org\apache\commons\commons-lang3\3.12.0\commons-lang3-3.12.0.jar;F:\Maven\apache-maven-3.6.3\maven-repo\org\springframework\boot\spring-boot-devtools\2.6.4\spring-boot-devtools-2.6.4.jar;F:\Maven\apache-maven-3.6.3\maven-repo\org\springframework\boot\spring-boot\2.6.4\spring-boot-2.6.4.jar;F:\Maven\apache-maven-3.6.3\maven-repo\mysql\mysql-connector-java\8.0.28\mysql-connector-java-8.0.28.jar;F:\Maven\apache-maven-3.6.3\maven-repo\org\springframework\boot\spring-boot-configuration-processor\2.6.4\spring-boot-configuration-processor-2.6.4.jar;F:\Maven\apache-maven-3.6.3\maven-repo\org\projectlombok\lombok\1.18.22\lombok-1.18.22.jar;F:\Maven\apache-maven-3.6.3\maven-repo\org\springframework\boot\spring-boot-starter-test\2.6.4\spring-boot-starter-test-2.6.4.jar;F:\Maven\apache-maven-3.6.3\maven-repo\org\springframework\boot\spring-boot-test\2.6.4\spring-boot-test-2.6.4.jar;F:\Maven\apache-maven-3.6.3\maven-repo\org\springframework\boot\spring-boot-test-autoconfigure\2.6.4\spring-boot-test-autoconfigure-2.6.4.jar;F:\Maven\apache-maven-3.6.3\maven-repo\com\jayway\jsonpath\json-path\2.6.0\json-path-2.6.0.jar;F:\Maven\apache-maven-3.6.3\maven-repo\net\minidev\json-smart\2.4.8\json-smart-2.4.8.jar;F:\Maven\apache-maven-3.6.3\maven-repo\net\minidev\accessors-smart\2.4.8\accessors-smart-2.4.8.jar;F:\Maven\apache-maven-3.6.3\maven-repo\org\ow2\asm\asm\9.1\asm-9.1.jar;F:\Maven\apache-maven-3.6.3\maven-repo\org\slf4j\slf4j-api\1.7.36\slf4j-api-1.7.36.jar;F:\Maven\apache-maven-3.6.3\maven-repo\jakarta\xml\bind\jakarta.xml.bind-api\2.3.3\jakarta.xml.bind-api-2.3.3.jar;F:\Maven\apache-maven-3.6.3\maven-repo\jakarta\activation\jakarta.activation-api\1.2.2\jakarta.activation-api-1.2.2.jar;F:\Maven\apache-maven-3.6.3\maven-repo\org\assertj\assertj-core\3.21.0\assertj-core-3.21.0.jar;F:\Maven\apache-maven-3.6.3\maven-repo\org\hamcrest\hamcrest\2.2\hamcrest-2.2.jar;F:\Maven\apache-maven-3.6.3\maven-repo\org\junit\jupiter\junit-jupiter\5.8.2\junit-jupiter-5.8.2.jar;F:\Maven\apache-maven-3.6.3\maven-repo\org\junit\jupiter\junit-jupiter-api\5.8.2\junit-jupiter-api-5.8.2.jar;F:\Maven\apache-maven-3.6.3\maven-repo\org\opentest4j\opentest4j\1.2.0\opentest4j-1.2.0.jar;F:\Maven\apache-maven-3.6.3\maven-repo\org\junit\platform\junit-platform-commons\1.8.2\junit-platform-commons-1.8.2.jar;F:\Maven\apache-maven-3.6.3\maven-repo\org\apiguardian\apiguardian-api\1.1.2\apiguardian-api-1.1.2.jar;F:\Maven\apache-maven-3.6.3\maven-repo\org\junit\jupiter\junit-jupiter-params\5.8.2\junit-jupiter-params-5.8.2.jar;F:\Maven\apache-maven-3.6.3\maven-repo\org\junit\jupiter\junit-jupiter-engine\5.8.2\junit-jupiter-engine-5.8.2.jar;F:\Maven\apache-maven-3.6.3\maven-repo\org\junit\platform\junit-platform-engine\1.8.2\junit-platform-engine-1.8.2.jar;F:\Maven\apache-maven-3.6.3\maven-repo\org\mockito\mockito-core\4.0.0\mockito-core-4.0.0.jar;F:\Maven\apache-maven-3.6.3\maven-repo\net\bytebuddy\byte-buddy\1.11.22\byte-buddy-1.11.22.jar;F:\Maven\apache-maven-3.6.3\maven-repo\net\bytebuddy\byte-buddy-agent\1.11.22\byte-buddy-agent-1.11.22.jar;F:\Maven\apache-maven-3.6.3\maven-repo\org\objenesis\objenesis\3.2\objenesis-3.2.jar;F:\Maven\apache-maven-3.6.3\maven-repo\org\mockito\mockito-junit-jupiter\4.0.0\mockito-junit-jupiter-4.0.0.jar;F:\Maven\apache-maven-3.6.3\maven-repo\org\skyscreamer\jsonassert\1.5.0\jsonassert-1.5.0.jar;F:\Maven\apache-maven-3.6.3\maven-repo\com\vaadin\external\google\android-json\0.0.20131108.vaadin1\android-json-0.0.20131108.vaadin1.jar;F:\Maven\apache-maven-3.6.3\maven-repo\org\springframework\spring-core\5.3.16\spring-core-5.3.16.jar;F:\Maven\apache-maven-3.6.3\maven-repo\org\springframework\spring-jcl\5.3.16\spring-jcl-5.3.16.jar;F:\Maven\apache-maven-3.6.3\maven-repo\org\springframework\spring-test\5.3.16\spring-test-5.3.16.jar;F:\Maven\apache-maven-3.6.3\maven-repo\org\xmlunit\xmlunit-core\2.8.4\xmlunit-core-2.8.4.jar;F:\Maven\apache-maven-3.6.3\maven-repo\junit\junit\4.13.2\junit-4.13.2.jar;F:\Maven\apache-maven-3.6.3\maven-repo\org\hamcrest\hamcrest-core\2.2\hamcrest-core-2.2.jar;"/>
    <property name="sun.cpu.endian" value="little"/>
    <property name="user.home" value="C:\Users\weihua"/>
    <property name="user.language" value="zh"/>
    <property name="java.specification.vendor" value="Oracle Corporation"/>
    <property name="java.home" value="F:\java8\jre"/>
    <property name="basedir" value="E:\项目\user\user-center-backend-master\user-center-backend-master"/>
    <property name="file.separator" value="\"/>
    <property name="line.separator" value="&#10;"/>
    <property name="java.vm.specification.vendor" value="Oracle Corporation"/>
    <property name="java.specification.name" value="Java Platform API Specification"/>
    <property name="java.awt.graphicsenv" value="sun.awt.Win32GraphicsEnvironment"/>
    <property name="surefire.real.class.path" value="C:\Users\weihua\AppData\Local\Temp\surefire8726502482592344973\surefirebooter6807975705139828857.jar"/>
    <property name="sun.boot.class.path" value="F:\java8\jre\lib\resources.jar;F:\java8\jre\lib\rt.jar;F:\java8\jre\lib\sunrsasign.jar;F:\java8\jre\lib\jsse.jar;F:\java8\jre\lib\jce.jar;F:\java8\jre\lib\charsets.jar;F:\java8\jre\lib\jfr.jar;F:\java8\jre\classes"/>
    <property name="user.script" value=""/>
    <property name="sun.management.compiler" value="HotSpot 64-Bit Tiered Compilers"/>
    <property name="java.runtime.version" value="1.8.0_402-b08"/>
    <property name="user.name" value="weihua"/>
    <property name="path.separator" value=";"/>
    <property name="os.version" value="10.0"/>
    <property name="java.endorsed.dirs" value="F:\java8\jre\lib\endorsed"/>
    <property name="java.runtime.name" value="OpenJDK Runtime Environment"/>
    <property name="file.encoding" value="GBK"/>
    <property name="java.vm.name" value="OpenJDK 64-Bit Server VM"/>
    <property name="localRepository" value="F:\Maven\apache-maven-3.6.3\maven-repo"/>
    <property name="java.vendor.url.bug" value="https://github.com/corretto/corretto-8/issues/"/>
    <property name="java.io.tmpdir" value="C:\Users\weihua\AppData\Local\Temp\"/>
    <property name="idea.version" value="2021.3.1"/>
    <property name="java.version" value="1.8.0_402"/>
    <property name="user.dir" value="E:\项目\user\user-center-backend-master\user-center-backend-master"/>
    <property name="os.arch" value="amd64"/>
    <property name="java.vm.specification.name" value="Java Virtual Machine Specification"/>
    <property name="java.awt.printerjob" value="sun.awt.windows.WPrinterJob"/>
    <property name="sun.os.patch.level" value=""/>
    <property name="java.library.path" value="F:\java8\jre\bin;C:\WINDOWS\Sun\Java\bin;C:\WINDOWS\system32;C:\WINDOWS;C:\Program Files (x86)\Common Files\Oracle\Java\javapath;C:\Users\weihua\AppData\Local\Programs\Python\Python39\Scripts\;C:\Users\weihua\AppData\Local\Programs\Python\Python39\;C:\ProgramData\Oracle\Java\javapath;E:\python3.6.5\Scripts\;E:\python3.6.5\;F:\vmware\虚拟机vmware\bin\;F:\xshell应用\Xlpd 6\;F;\xshell应用\Xshell 6\;F;\xshell应用\Xmanager 6\;C;\Program Files (x86)\Intel\Intel(R) Management Engine Components\iCLS\;C:\Program Files\Intel\Intel(R) Management Engine Components\iCLS\;C:\Windows\system32;C:\Windows;C:\Windows\System32\Wbem;C:\Windows\System32\WindowsPowerShell\v1.0\;C:\Windows\System32\OpenSSH\;C:\Program Files (x86)\Intel\Intel(R) Management Engine Components\DAL;C:\Program Files\Intel\Intel(R) Management Engine Components\DAL;C:\Program Files\Intel\WiFi\bin\;C:\Program Files\Common Files\Intel\WirelessCommon\;C:\Program Files (x86)\NVIDIA Corporation\PhysX\Common;C:\WINDOWS\system32;C:\WINDOWS;C:\WINDOWS\System32\Wbem;C:\WINDOWS\System32\WindowsPowerShell\v1.0\;C:\WINDOWS\System32\OpenSSH\;F:\git\Git\cmd;F:\spss\spss\JRE\bin;C:\Program Files\dotnet\;C:\ProgramData\chocolatey\bin;F:\Maven\apache-maven-3.6.3\bin;F:\Maven\apache-maven-3.6.3\bin;F:\微信小程序开发\微信小程序开发工具\微信web开发者工具\dll;F:\sdk\build-tools\29.0.3;F:\sdk\tools;F:\sdk\platform-tools;F:\Anaconda\Anacond\Scripts;E:\python3.9\新建文件夹\Lib\site-packages\PyQt5\Qt5\plugins;D:\personal document\ip\ip\shanchendaili\bin;F:\Tomcat8.5.31\apache-tomcat-8.5.31-windows-x64\apache-tomcat-8.5.31\bin;F:\node16\node-v16.20.2-win-x64;F:\node16\node-v16.20.2-win-x64;F:\Program Files\java\jdk1.8.0_321\bin;F:\node16\node-v16.20.2-win-x64\node_cache;F:\node16\node-v16.20.2-win-x64\node_global;E:\python3.6.5\Scripts\;E:\python3.6.5;C:\Program Files\Bandizip\;C:\Users\weihua\Desktop\爬虫\chrome;F:\pycharm2020\pycharm2020\PyCharm 2020.1\bin;;F:\微信小程序开发\微信小程序开发工具\微信web开发者工具\dll;F:\vscode\vscode安装路径\Microsoft VS Code\bin;F:\WebStorm\WebStorm 2020.1\bin;;F:\Maven\apache-maven-3.6.3\bin;C:\Users\weihua\.dotnet\tools;F:\Clion\CLion 2021.1.3\bin;;F:\idea2021\IntelliJ IDEA 2021.3.1\bin;;F:\node16\node-v16.20.2-win-x64\node_global;C:\Program Files\Java\jdk1.8.0_271\jre\bin;C:\Program Files\Java\jdk1.8.0_271\bin;;."/>
    <property name="java.vm.info" value="mixed mode"/>
    <property name="java.vendor" value="Amazon.com Inc."/>
    <property name="java.vm.version" value="25.402-b08"/>
    <property name="java.specification.maintenance.version" value="5"/>
    <property name="java.ext.dirs" value="F:\java8\jre\lib\ext;C:\WINDOWS\Sun\Java\lib\ext"/>
    <property name="sun.io.unicode.encoding" value="UnicodeLittle"/>
    <property name="java.class.version" value="52.0"/>
  </properties>
  <testcase name="contextLoads" classname="com.yupi.usercenter.UserCenterApplicationTests" time="0.766"/>
</testsuite>